<?xml version='1.0'?>
<ns2:test-suite xmlns:ns2='urn:model.allure.qatools.yandex.ru' start='1584876344551' stop='1584876350714'>
    <name>HW5_Task2_Dmitrieva СОРТИРОВКА ПО ЦЕНЕ</name>
    <title>HW5_Task2_Dmitrieva СОРТИРОВКА ПО ЦЕНЕ</title>
    <test-cases>
        <test-case start='1584876344551' status='passed' stop='1584876345397'>
            <name>"before all" hook</name>
            <title>"before all" hook</title>
            <labels>
                <label name='language' value='javascript'/>
                <label name='framework' value='wdio'/>
                <label name='thread' value='0-0'/>
            </labels>
            <parameters>
                <parameter kind='argument' name='browser' value='chrome'/>
                <parameter kind='environment-variable' name='browserName: ' value='Chrome'/>
                <parameter kind='environment-variable' name='browserVersion: ' value='80.0.3987.132'/>
                <parameter kind='environment-variable' name='OS: ' value='Win10 Pro x64'/>
            </parameters>
            <steps/>
            <attachments/>
        </test-case>
        <test-case start='1584876345397' status='passed' stop='1584876347106'>
            <name>Переход в раздел "Телефоны" состоялся</name>
            <title>Переход в раздел "Телефоны" состоялся</title>
            <labels>
                <label name='language' value='javascript'/>
                <label name='framework' value='wdio'/>
                <label name='thread' value='0-0'/>
            </labels>
            <parameters>
                <parameter kind='argument' name='browser' value='chrome'/>
            </parameters>
            <steps>
                <step start='1584876345399' status='passed' stop='1584876345399'>
                    <name>Нажать на ссылку "Телефоны"</name>
                    <title>Нажать на ссылку "Телефоны"</title>
                    <attachments/>
                    <steps/>
                </step>
                <step start='1584876346992' status='passed' stop='1584876346992'>
                    <name>Проверить, что URL изменился на верный</name>
                    <title>Проверить, что URL изменился на верный</title>
                    <attachments/>
                    <steps/>
                </step>
            </steps>
            <attachments/>
        </test-case>
        <test-case start='1584876347107' status='passed' stop='1584876349174'>
            <name>Применена сортировка по ценам</name>
            <title>Применена сортировка по ценам</title>
            <labels>
                <label name='language' value='javascript'/>
                <label name='framework' value='wdio'/>
                <label name='thread' value='0-0'/>
            </labels>
            <parameters>
                <parameter kind='argument' name='browser' value='chrome'/>
            </parameters>
            <steps>
                <step start='1584876347107' status='passed' stop='1584876347107'>
                    <name>Нажать на "Цены"</name>
                    <title>Нажать на "Цены"</title>
                    <attachments/>
                    <steps/>
                </step>
            </steps>
            <attachments/>
        </test-case>
        <test-case start='1584876349175' status='failed' stop='1584876350714'>
            <name>Сортировка по ценам работает корректно</name>
            <title>Сортировка по ценам работает корректно</title>
            <labels>
                <label name='language' value='javascript'/>
                <label name='framework' value='wdio'/>
                <label name='thread' value='0-0'/>
            </labels>
            <parameters>
                <parameter kind='argument' name='browser' value='chrome'/>
            </parameters>
            <steps>
                <step start='1584876349176' status='passed' stop='1584876349176'>
                    <name>Получить цены отображенных товаров</name>
                    <title>Получить цены отображенных товаров</title>
                    <attachments/>
                    <steps/>
                </step>
                <step start='1584876350190' status='passed' stop='1584876350190'>
                    <name>Проверить, что цена в верном диапазоне</name>
                    <title>Проверить, что цена в верном диапазоне</title>
                    <attachments/>
                    <steps/>
                </step>
                <step start='1584876350190' status='passed' stop='1584876350190'>
                    <name>Проверить, что цена в верном диапазоне</name>
                    <title>Проверить, что цена в верном диапазоне</title>
                    <attachments/>
                    <steps/>
                </step>
                <step start='1584876350190' status='passed' stop='1584876350190'>
                    <name>Проверить, что цена в верном диапазоне</name>
                    <title>Проверить, что цена в верном диапазоне</title>
                    <attachments/>
                    <steps/>
                </step>
                <step start='1584876350190' status='passed' stop='1584876350190'>
                    <name>Проверить, что цена в верном диапазоне</name>
                    <title>Проверить, что цена в верном диапазоне</title>
                    <attachments/>
                    <steps/>
                </step>
            </steps>
            <attachments>
                <attachment title='Screenshot' source='4d6d492c-6f3d-4f8a-895b-44b751e29a64-attachment.png' type='image/png' size='355832'/>
            </attachments>
            <failure>
                <message>expected false to be true</message>
                <stack-trace>AssertionError: expected false to be true
                    at map (C:\Users\lutak\Desktop\beeintern\lect\5\hw\tests\/hw5_dmitrieva.js:98:13)
                    at Array.map (&lt;anonymous>)
                    at Context.&lt;anonymous> (C:\Users\lutak\Desktop\beeintern\lect\5\hw\tests\/hw5_dmitrieva.js:92:26)
                    at Context.executeSync (C:\Users\lutak\Desktop\beeintern\lect\5\hw\node_modules\@wdio\sync\build\index.js:56:18)
                    at C:\Users\lutak\Desktop\beeintern\lect\5\hw\node_modules\@wdio\sync\build\index.js:82:70</stack-trace>
            </failure>
        </test-case>
    </test-cases>
</ns2:test-suite>