<?xml version='1.0'?>
<ns2:test-suite xmlns:ns2='urn:model.allure.qatools.yandex.ru' start='1597784552088' stop='1597784568058'>
    <name>Beeline final project</name>
    <title>Beeline final project</title>
    <test-cases>
        <test-case start='1597784552088' status='passed' stop='1597784552674'>
            <name>"before all" hook</name>
            <title>"before all" hook</title>
            <labels>
                <label name='language' value='javascript'/>
                <label name='framework' value='wdio'/>
                <label name='thread' value='0-0'/>
            </labels>
            <parameters>
                <parameter kind='argument' name='browser' value='chrome'/>
            </parameters>
            <steps/>
            <attachments/>
        </test-case>
        <test-case start='1597784552674' status='undefined'>
            <name>Перейти на вкладку "Личный кабинет"</name>
            <title>Перейти на вкладку "Личный кабинет"</title>
            <labels>
                <label name='language' value='javascript'/>
                <label name='framework' value='wdio'/>
                <label name='thread' value='0-0'/>
            </labels>
            <parameters>
                <parameter kind='argument' name='browser' value='chrome'/>
            </parameters>
            <steps/>
            <attachments/>
        </test-case>
        <test-case start='1597784552675' status='failed' stop='1597784556655'>
            <name>Перейти на вкладку "Личный кабинет"</name>
            <title>Перейти на вкладку "Личный кабинет"</title>
            <labels>
                <label name='language' value='javascript'/>
                <label name='framework' value='wdio'/>
                <label name='thread' value='0-0'/>
            </labels>
            <parameters>
                <parameter kind='argument' name='browser' value='chrome'/>
            </parameters>
            <steps/>
            <attachments>
                <attachment title='Screenshot' source='64ab15a4-ad59-4b9e-8c08-19f73879b8d9-attachment.png' type='image/png' size='414908'/>
            </attachments>
            <failure>
                <message>expected 'Дмитриева Светлана Михайловна' to equal 'Дмитриев Светлан Михайа'</message>
                <stack-trace>AssertionError: expected 'Дмитриева Светлана Михайловна' to equal 'Дмитриев Светлан Михайа'
                    at Context.&lt;anonymous> (C:\Users\SidWonder\Desktop\Новая папка (9)\BeeintensFinalProject\tester\tests\/testsForFinalProject.js:20:44)
                    at Context.executeSync (C:\Users\SidWonder\Desktop\Новая папка (9)\BeeintensFinalProject\tester\node_modules\@wdio\sync\build\index.js:56:18)
                    at C:\Users\SidWonder\Desktop\Новая папка (9)\BeeintensFinalProject\tester\node_modules\@wdio\sync\build\index.js:82:70</stack-trace>
            </failure>
        </test-case>
        <test-case start='1597784556655' status='undefined'>
            <name>Перейти на вкладку "Лекции"</name>
            <title>Перейти на вкладку "Лекции"</title>
            <labels>
                <label name='language' value='javascript'/>
                <label name='framework' value='wdio'/>
                <label name='thread' value='0-0'/>
            </labels>
            <parameters>
                <parameter kind='argument' name='browser' value='chrome'/>
            </parameters>
            <steps/>
            <attachments/>
        </test-case>
        <test-case start='1597784556656' status='failed' stop='1597784560463'>
            <name>Перейти на вкладку "Лекции"</name>
            <title>Перейти на вкладку "Лекции"</title>
            <labels>
                <label name='language' value='javascript'/>
                <label name='framework' value='wdio'/>
                <label name='thread' value='0-0'/>
            </labels>
            <parameters>
                <parameter kind='argument' name='browser' value='chrome'/>
            </parameters>
            <steps/>
            <attachments>
                <attachment title='Screenshot' source='ff47ea91-a8f5-4209-9b7c-4b1d4515562e-attachment.png' type='image/png' size='135930'/>
            </attachments>
            <failure>
                <message>expected 'Павел Уколов' to include 'Пав Уколов'</message>
                <stack-trace>AssertionError: expected 'Павел Уколов' to include 'Пав Уколов'
                    at Context.&lt;anonymous> (C:\Users\SidWonder\Desktop\Новая папка (9)\BeeintensFinalProject\tester\tests\/testsForFinalProject.js:26:47)
                    at Context.executeSync (C:\Users\SidWonder\Desktop\Новая папка (9)\BeeintensFinalProject\tester\node_modules\@wdio\sync\build\index.js:56:18)
                    at C:\Users\SidWonder\Desktop\Новая папка (9)\BeeintensFinalProject\tester\node_modules\@wdio\sync\build\index.js:82:70</stack-trace>
            </failure>
        </test-case>
        <test-case start='1597784560463' status='undefined'>
            <name>Перейти на вкладку "Преподаватели"</name>
            <title>Перейти на вкладку "Преподаватели"</title>
            <labels>
                <label name='language' value='javascript'/>
                <label name='framework' value='wdio'/>
                <label name='thread' value='0-0'/>
            </labels>
            <parameters>
                <parameter kind='argument' name='browser' value='chrome'/>
            </parameters>
            <steps/>
            <attachments/>
        </test-case>
        <test-case start='1597784560463' status='passed' stop='1597784563979'>
            <name>"before each" hook</name>
            <title>"before each" hook</title>
            <labels>
                <label name='language' value='javascript'/>
                <label name='framework' value='wdio'/>
                <label name='thread' value='0-0'/>
            </labels>
            <parameters>
                <parameter kind='argument' name='browser' value='chrome'/>
            </parameters>
            <steps/>
            <attachments/>
        </test-case>
        <test-case start='1597784563979' status='undefined'>
            <name>Перейти на вкладку "О программе"</name>
            <title>Перейти на вкладку "О программе"</title>
            <labels>
                <label name='language' value='javascript'/>
                <label name='framework' value='wdio'/>
                <label name='thread' value='0-0'/>
            </labels>
            <parameters>
                <parameter kind='argument' name='browser' value='chrome'/>
            </parameters>
            <steps/>
            <attachments/>
        </test-case>
        <test-case start='1597784563980' status='passed' stop='1597784568057'>
            <name>"before each" hook</name>
            <title>"before each" hook</title>
            <labels>
                <label name='language' value='javascript'/>
                <label name='framework' value='wdio'/>
                <label name='thread' value='0-0'/>
            </labels>
            <parameters>
                <parameter kind='argument' name='browser' value='chrome'/>
            </parameters>
            <steps/>
            <attachments/>
        </test-case>
    </test-cases>
</ns2:test-suite>