<?xml version='1.0'?>
<ns2:test-suite xmlns:ns2='urn:model.allure.qatools.yandex.ru' start='1584877918542' stop='1584877928195'>
    <name>HW5_Task3_Dmitrieva УДАЛЕНИЕ ТОВАРА ИЗ КОРЗИНЫ И ЕГО ВОССТАНОВЛЕНИЕ</name>
    <title>HW5_Task3_Dmitrieva УДАЛЕНИЕ ТОВАРА ИЗ КОРЗИНЫ И ЕГО ВОССТАНОВЛЕНИЕ</title>
    <test-cases>
        <test-case start='1584877918542' status='passed' stop='1584877925447'>
            <name>"before all" hook</name>
            <title>"before all" hook</title>
            <labels>
                <label name='language' value='javascript'/>
                <label name='framework' value='wdio'/>
                <label name='thread' value='0-0'/>
            </labels>
            <parameters>
                <parameter kind='argument' name='browser' value='chrome'/>
                <parameter kind='environment-variable' name='browserName: ' value='Chrome'/>
                <parameter kind='environment-variable' name='browserVersion: ' value='80.0.3987.132'/>
                <parameter kind='environment-variable' name='OS: ' value='Win10 Pro x64'/>
            </parameters>
            <steps/>
            <attachments/>
        </test-case>
        <test-case start='1584877925447' status='passed' stop='1584877927216'>
            <name>Переход в раздел "Телефоны" состоялся</name>
            <title>Переход в раздел "Телефоны" состоялся</title>
            <labels>
                <label name='language' value='javascript'/>
                <label name='framework' value='wdio'/>
                <label name='thread' value='0-0'/>
            </labels>
            <parameters>
                <parameter kind='argument' name='browser' value='chrome'/>
            </parameters>
            <steps>
                <step start='1584877925448' status='passed' stop='1584877925448'>
                    <name>Нажать на ссылку "Телефоны"</name>
                    <title>Нажать на ссылку "Телефоны"</title>
                    <attachments/>
                    <steps/>
                </step>
                <step start='1584877927062' status='passed' stop='1584877927062'>
                    <name>Проверить, что URL изменился на верный</name>
                    <title>Проверить, что URL изменился на верный</title>
                    <attachments/>
                    <steps/>
                </step>
            </steps>
            <attachments/>
        </test-case>
        <test-case start='1584877927217' status='broken' stop='1584877927757'>
            <name>Клик на кнопку "Купить" из середины списка приводит к переходу в корзину</name>
            <title>Клик на кнопку "Купить" из середины списка приводит к переходу в корзину</title>
            <labels>
                <label name='language' value='javascript'/>
                <label name='framework' value='wdio'/>
                <label name='thread' value='0-0'/>
            </labels>
            <parameters>
                <parameter kind='argument' name='browser' value='chrome'/>
            </parameters>
            <steps>
                <step start='1584877927217' status='passed' stop='1584877927217'>
                    <name>Нажать на кнопку "Купить" смартфона из середины списка</name>
                    <title>Нажать на кнопку "Купить" смартфона из середины списка</title>
                    <attachments/>
                    <steps/>
                </step>
            </steps>
            <attachments>
                <attachment title='Screenshot' source='58f571bb-1611-45ad-8675-4cd6bf9ff2e0-attachment.png' type='image/png' size='206652'/>
            </attachments>
            <failure>
                <message>Cannot read property 'length' of undefined</message>
                <stack-trace>TypeError: Cannot read property 'length' of undefined
                    at Context.&lt;anonymous> (C:\Users\lutak\Desktop\beeintern\lect\5\hw\tests\/hw5_dmitrieva.js:121:56)
                    at Context.executeSync (C:\Users\lutak\Desktop\beeintern\lect\5\hw\node_modules\@wdio\sync\build\index.js:56:18)
                    at C:\Users\lutak\Desktop\beeintern\lect\5\hw\node_modules\@wdio\sync\build\index.js:82:70</stack-trace>
            </failure>
        </test-case>
        <test-case start='1584877927758' status='broken' stop='1584877928194'>
            <name>Нажатие на крестик удаляет из корзины</name>
            <title>Нажатие на крестик удаляет из корзины</title>
            <labels>
                <label name='language' value='javascript'/>
                <label name='framework' value='wdio'/>
                <label name='thread' value='0-0'/>
            </labels>
            <parameters>
                <parameter kind='argument' name='browser' value='chrome'/>
            </parameters>
            <steps/>
            <attachments>
                <attachment title='Screenshot' source='f5ab3502-2be6-4ef4-8477-a9ddf058cbd4-attachment.png' type='image/png' size='206652'/>
            </attachments>
            <failure>
                <message>Cannot read property 'deleteFromCart' of undefined</message>
                <stack-trace>TypeError: Cannot read property 'deleteFromCart' of undefined
                    at Context.&lt;anonymous> (C:\Users\lutak\Desktop\beeintern\lect\5\hw\tests\/hw5_dmitrieva.js:131:18)
                    at Context.executeSync (C:\Users\lutak\Desktop\beeintern\lect\5\hw\node_modules\@wdio\sync\build\index.js:56:18)
                    at C:\Users\lutak\Desktop\beeintern\lect\5\hw\node_modules\@wdio\sync\build\index.js:82:70</stack-trace>
            </failure>
        </test-case>
    </test-cases>
</ns2:test-suite>