<?xml version='1.0'?>
<ns2:test-suite xmlns:ns2='urn:model.allure.qatools.yandex.ru' start='1584878040495' stop='1584878049257'>
    <name>HW5_Task3_Dmitrieva УДАЛЕНИЕ ТОВАРА ИЗ КОРЗИНЫ И ЕГО ВОССТАНОВЛЕНИЕ</name>
    <title>HW5_Task3_Dmitrieva УДАЛЕНИЕ ТОВАРА ИЗ КОРЗИНЫ И ЕГО ВОССТАНОВЛЕНИЕ</title>
    <test-cases>
        <test-case start='1584878040495' status='passed' stop='1584878046387'>
            <name>"before all" hook</name>
            <title>"before all" hook</title>
            <labels>
                <label name='language' value='javascript'/>
                <label name='framework' value='wdio'/>
                <label name='thread' value='0-0'/>
            </labels>
            <parameters>
                <parameter kind='argument' name='browser' value='chrome'/>
                <parameter kind='environment-variable' name='browserName: ' value='Chrome'/>
                <parameter kind='environment-variable' name='browserVersion: ' value='80.0.3987.132'/>
                <parameter kind='environment-variable' name='OS: ' value='Win10 Pro x64'/>
            </parameters>
            <steps/>
            <attachments/>
        </test-case>
        <test-case start='1584878046388' status='passed' stop='1584878048132'>
            <name>Переход в раздел "Телефоны" состоялся</name>
            <title>Переход в раздел "Телефоны" состоялся</title>
            <labels>
                <label name='language' value='javascript'/>
                <label name='framework' value='wdio'/>
                <label name='thread' value='0-0'/>
            </labels>
            <parameters>
                <parameter kind='argument' name='browser' value='chrome'/>
            </parameters>
            <steps>
                <step start='1584878046390' status='passed' stop='1584878046390'>
                    <name>Нажать на ссылку "Телефоны"</name>
                    <title>Нажать на ссылку "Телефоны"</title>
                    <attachments/>
                    <steps/>
                </step>
                <step start='1584878048021' status='passed' stop='1584878048021'>
                    <name>Проверить, что URL изменился на верный</name>
                    <title>Проверить, что URL изменился на верный</title>
                    <attachments/>
                    <steps/>
                </step>
            </steps>
            <attachments/>
        </test-case>
        <test-case start='1584878048132' status='broken' stop='1584878048795'>
            <name>Клик на кнопку "Купить" из середины списка приводит к переходу в корзину</name>
            <title>Клик на кнопку "Купить" из середины списка приводит к переходу в корзину</title>
            <labels>
                <label name='language' value='javascript'/>
                <label name='framework' value='wdio'/>
                <label name='thread' value='0-0'/>
            </labels>
            <parameters>
                <parameter kind='argument' name='browser' value='chrome'/>
            </parameters>
            <steps>
                <step start='1584878048249' status='passed' stop='1584878048249'>
                    <name>Нажать на кнопку "Купить" смартфона из середины списка</name>
                    <title>Нажать на кнопку "Купить" смартфона из середины списка</title>
                    <attachments/>
                    <steps/>
                </step>
            </steps>
            <attachments>
                <attachment title='Screenshot' source='262c9855-8aaf-48e2-9cd9-fb03ca10b3aa-attachment.png' type='image/png' size='206652'/>
            </attachments>
            <failure>
                <message>Cannot read property 'length' of undefined</message>
                <stack-trace>TypeError: Cannot read property 'length' of undefined
                    at Context.&lt;anonymous> (C:\Users\lutak\Desktop\beeintern\lect\5\hw\tests\/hw5_dmitrieva.js:122:56)
                    at Context.executeSync (C:\Users\lutak\Desktop\beeintern\lect\5\hw\node_modules\@wdio\sync\build\index.js:56:18)
                    at C:\Users\lutak\Desktop\beeintern\lect\5\hw\node_modules\@wdio\sync\build\index.js:82:70</stack-trace>
            </failure>
        </test-case>
        <test-case start='1584878048795' status='broken' stop='1584878049256'>
            <name>Нажатие на крестик удаляет из корзины</name>
            <title>Нажатие на крестик удаляет из корзины</title>
            <labels>
                <label name='language' value='javascript'/>
                <label name='framework' value='wdio'/>
                <label name='thread' value='0-0'/>
            </labels>
            <parameters>
                <parameter kind='argument' name='browser' value='chrome'/>
            </parameters>
            <steps/>
            <attachments>
                <attachment title='Screenshot' source='ace0b512-322a-4822-ba29-ac5e2d6c7b38-attachment.png' type='image/png' size='206652'/>
            </attachments>
            <failure>
                <message>Cannot read property 'deleteFromCart' of undefined</message>
                <stack-trace>TypeError: Cannot read property 'deleteFromCart' of undefined
                    at Context.&lt;anonymous> (C:\Users\lutak\Desktop\beeintern\lect\5\hw\tests\/hw5_dmitrieva.js:132:18)
                    at Context.executeSync (C:\Users\lutak\Desktop\beeintern\lect\5\hw\node_modules\@wdio\sync\build\index.js:56:18)
                    at C:\Users\lutak\Desktop\beeintern\lect\5\hw\node_modules\@wdio\sync\build\index.js:82:70</stack-trace>
            </failure>
        </test-case>
    </test-cases>
</ns2:test-suite>